
> Task :compileJava
D:\berodu\SORIN\project\Newsletter\backend\src\main\java\com\kz\magazine\entity\Content.java:60: warning: @Builder will ignore the initializing expression entirely. If you want the initializing expression to serve as default, add @Builder.Default. If it is not supposed to be settable during building, make the field final.
    private Long viewCount = 0L;
                 ^
D:\berodu\SORIN\project\Newsletter\backend\src\main\java\com\kz\magazine\entity\Content.java:67: warning: @Builder will ignore the initializing expression entirely. If you want the initializing expression to serve as default, add @Builder.Default. If it is not supposed to be settable during building, make the field final.
    private List<ContentHashtag> hashtags = new ArrayList<>();
                                 ^
D:\berodu\SORIN\project\Newsletter\backend\src\main\java\com\kz\magazine\entity\Content.java:87: warning: @Builder will ignore the initializing expression entirely. If you want the initializing expression to serve as default, add @Builder.Default. If it is not supposed to be settable during building, make the field final.
    private Long ratingCount = 0L;
                 ^
D:\berodu\SORIN\project\Newsletter\backend\src\main\java\com\kz\magazine\entity\Content.java:88: warning: @Builder will ignore the initializing expression entirely. If you want the initializing expression to serve as default, add @Builder.Default. If it is not supposed to be settable during building, make the field final.
    private Long ratingSum = 0L;
                 ^
D:\berodu\SORIN\project\Newsletter\backend\src\main\java\com\kz\magazine\entity\Content.java:89: warning: @Builder will ignore the initializing expression entirely. If you want the initializing expression to serve as default, add @Builder.Default. If it is not supposed to be settable during building, make the field final.
    private BigDecimal averageRating = BigDecimal.ZERO;
                       ^
5 warnings

> Task :processResources UP-TO-DATE
> Task :classes
> Task :compileTestJava
> Task :processTestResources NO-SOURCE
> Task :testClasses

> Task :test

RepositoryTest STANDARD_OUT
    09:38:49.221 [Test worker] INFO org.springframework.test.context.support.AnnotationConfigContextLoaderUtils -- Could not detect default configuration classes for test class [com.kz.magazine.repository.RepositoryTest]: RepositoryTest does not declare any static, non-private, non-final, nested classes annotated with @Configuration.
    09:38:49.506 [Test worker] INFO org.springframework.boot.test.context.SpringBootTestContextBootstrapper -- Found @SpringBootConfiguration com.kz.magazine.MagazineApplication for test class com.kz.magazine.repository.RepositoryTest

      .   ____          _            __ _ _
     /\\ / ___'_ __ _ _(_)_ __  __ _ \ \ \ \
    ( ( )\___ | '_ | '_| | '_ \/ _` | \ \ \ \
     \\/  ___)| |_)| | | | | || (_| |  ) ) ) )
      '  |____| .__|_| |_|_| |_\__, | / / / /
     =========|_|==============|___/=/_/_/_/
     :: Spring Boot ::                (v3.2.0)

    2025-12-26T09:38:50.788+09:00  INFO 5580 --- [    Test worker] c.kz.magazine.repository.RepositoryTest  : Starting RepositoryTest using Java 17.0.13 with PID 5580 (started by hereisjeju in D:\berodu\SORIN\project\Newsletter\backend)
    2025-12-26T09:38:50.790+09:00  INFO 5580 --- [    Test worker] c.kz.magazine.repository.RepositoryTest  : No active profile set, falling back to 1 default profile: "default"
    2025-12-26T09:38:52.536+09:00  INFO 5580 --- [    Test worker] .s.d.r.c.RepositoryConfigurationDelegate : Bootstrapping Spring Data JPA repositories in DEFAULT mode.
    2025-12-26T09:38:52.790+09:00  INFO 5580 --- [    Test worker] .s.d.r.c.RepositoryConfigurationDelegate : Finished Spring Data repository scanning in 232 ms. Found 8 JPA repository interfaces.
    2025-12-26T09:38:53.587+09:00  INFO 5580 --- [    Test worker] com.zaxxer.hikari.HikariDataSource       : HikariPool-1 - Starting...
    2025-12-26T09:38:54.122+09:00  INFO 5580 --- [    Test worker] com.zaxxer.hikari.pool.HikariPool        : HikariPool-1 - Added connection org.postgresql.jdbc.PgConnection@59a2388e
    2025-12-26T09:38:54.124+09:00  INFO 5580 --- [    Test worker] com.zaxxer.hikari.HikariDataSource       : HikariPool-1 - Start completed.
    2025-12-26T09:38:54.493+09:00  INFO 5580 --- [    Test worker] o.f.c.internal.license.VersionPrinter    : Flyway Community Edition 9.22.3 by Redgate
    2025-12-26T09:38:54.493+09:00  INFO 5580 --- [    Test worker] o.f.c.internal.license.VersionPrinter    : See release notes here: https://rd.gt/416ObMi
    2025-12-26T09:38:54.493+09:00  INFO 5580 --- [    Test worker] o.f.c.internal.license.VersionPrinter    : 
    2025-12-26T09:38:54.620+09:00  INFO 5580 --- [    Test worker] org.flywaydb.core.FlywayExecutor         : Database: jdbc:postgresql://localhost:5433/kz_magazine (PostgreSQL 15.15)
    2025-12-26T09:38:55.645+09:00  INFO 5580 --- [    Test worker] o.f.core.internal.command.DbMigrate      : Current version of schema "public": 5
    2025-12-26T09:38:55.663+09:00  INFO 5580 --- [    Test worker] o.f.core.internal.command.DbMigrate      : Schema "public" is up to date. No migration necessary.
    2025-12-26T09:38:55.976+09:00  INFO 5580 --- [    Test worker] o.hibernate.jpa.internal.util.LogHelper  : HHH000204: Processing PersistenceUnitInfo [name: default]
    2025-12-26T09:38:56.121+09:00  INFO 5580 --- [    Test worker] org.hibernate.Version                    : HHH000412: Hibernate ORM core version 6.3.1.Final
    2025-12-26T09:38:56.207+09:00  INFO 5580 --- [    Test worker] o.h.c.internal.RegionFactoryInitiator    : HHH000026: Second-level cache disabled
    2025-12-26T09:38:56.978+09:00  INFO 5580 --- [    Test worker] o.s.o.j.p.SpringPersistenceUnitInfo      : No LoadTimeWeaver setup: ignoring JPA class transformer
    2025-12-26T09:38:58.775+09:00  INFO 5580 --- [    Test worker] o.h.e.t.j.p.i.JtaPlatformInitiator       : HHH000489: No JTA platform available (set 'hibernate.transaction.jta.platform' to enable JTA platform integration)
    2025-12-26T09:38:58.779+09:00  INFO 5580 --- [    Test worker] j.LocalContainerEntityManagerFactoryBean : Initialized JPA EntityManagerFactory for persistence unit 'default'
    2025-12-26T09:39:00.162+09:00  INFO 5580 --- [    Test worker] o.s.d.j.r.query.QueryEnhancerFactory     : Hibernate is in classpath; If applicable, HQL parser will be used.
    2025-12-26T09:39:02.044+09:00  INFO 5580 --- [    Test worker] c.kz.magazine.repository.RepositoryTest  : Started RepositoryTest in 12.376 seconds (process running for 15.148)

OpenJDK 64-Bit Server VM warning: Sharing is only supported for boot loader classes because bootstrap classpath has been appended

> Task :test

RepositoryTest > Content Repository Mapping Test STANDARD_OUT
    2025-12-26T09:39:03.242+09:00 DEBUG 5580 --- [    Test worker] org.hibernate.SQL                        : 
        select
            c1_0.category_id,
            c1_0.category_name,
            c1_0.created_at,
            c1_0.created_by,
            c1_0.display_order,
            c1_0.is_active,
            c1_0.updated_at,
            c1_0.updated_by 
        from
            categories c1_0 
        where
            c1_0.category_name=?
    Hibernate: 
        select
            c1_0.category_id,
            c1_0.category_name,
            c1_0.created_at,
            c1_0.created_by,
            c1_0.display_order,
            c1_0.is_active,
            c1_0.updated_at,
            c1_0.updated_by 
        from
            categories c1_0 
        where
            c1_0.category_name=?
    2025-12-26T09:39:03.270+09:00 DEBUG 5580 --- [    Test worker] org.hibernate.SQL                        : 
        select
            u1_0.user_id,
            u1_0.created_at,
            u1_0.created_by,
            u1_0.department,
            u1_0.email,
            u1_0.is_active,
            u1_0.name,
            u1_0.role,
            u1_0.updated_at,
            u1_0.updated_by,
            u1_0.username 
        from
            users u1_0 
        where
            u1_0.username=?
    Hibernate: 
        select
            u1_0.user_id,
            u1_0.created_at,
            u1_0.created_by,
            u1_0.department,
            u1_0.email,
            u1_0.is_active,
            u1_0.name,
            u1_0.role,
            u1_0.updated_at,
            u1_0.updated_by,
            u1_0.username 
        from
            users u1_0 
        where
            u1_0.username=?
    2025-12-26T09:39:03.351+09:00 DEBUG 5580 --- [    Test worker] org.hibernate.SQL                        : 
        insert 
        into
            contents
            (author_id, average_rating, body_html, body_text, category_id, created_at, deleted_at, deleted_by, instagram_url, published_at, rating_count, rating_sum, scheduled_at, status, summary, thumbnail_file_id, title, updated_at, view_count, youtube_url) 
        values
            (?, ?, ?, ?, ?, ?, ?, ?, ?, ?, ?, ?, ?, ?, ?, ?, ?, ?, ?, ?)
    Hibernate: 
        insert 
        into
            contents
            (author_id, average_rating, body_html, body_text, category_id, created_at, deleted_at, deleted_by, instagram_url, published_at, rating_count, rating_sum, scheduled_at, status, summary, thumbnail_file_id, title, updated_at, view_count, youtube_url) 
        values
            (?, ?, ?, ?, ?, ?, ?, ?, ?, ?, ?, ?, ?, ?, ?, ?, ?, ?, ?, ?)
    2025-12-26T09:39:03.365+09:00  WARN 5580 --- [    Test worker] o.h.engine.jdbc.spi.SqlExceptionHelper   : SQL Error: 0, SQLState: 42703
    2025-12-26T09:39:03.365+09:00 ERROR 5580 --- [    Test worker] o.h.engine.jdbc.spi.SqlExceptionHelper   : ERROR: column "scheduled_at" of relation "contents" does not exist
      Position: 164

RepositoryTest > Content Repository Mapping Test FAILED
    org.springframework.dao.InvalidDataAccessResourceUsageException at RepositoryTest.java:57
        Caused by: org.hibernate.exception.SQLGrammarException at RepositoryTest.java:57
            Caused by: org.postgresql.util.PSQLException at RepositoryTest.java:57

MagazineApplicationTests STANDARD_OUT
    2025-12-26T09:39:03.402+09:00  INFO 5580 --- [    Test worker] t.c.s.AnnotationConfigContextLoaderUtils : Could not detect default configuration classes for test class [com.kz.magazine.MagazineApplicationTests]: MagazineApplicationTests does not declare any static, non-private, non-final, nested classes annotated with @Configuration.
    2025-12-26T09:39:03.443+09:00  INFO 5580 --- [    Test worker] .b.t.c.SpringBootTestContextBootstrapper : Found @SpringBootConfiguration com.kz.magazine.MagazineApplication for test class com.kz.magazine.MagazineApplicationTests

      .   ____          _            __ _ _
     /\\ / ___'_ __ _ _(_)_ __  __ _ \ \ \ \
    ( ( )\___ | '_ | '_| | '_ \/ _` | \ \ \ \
     \\/  ___)| |_)| | | | | || (_| |  ) ) ) )
      '  |____| .__|_| |_|_| |_\__, | / / / /
     =========|_|==============|___/=/_/_/_/
     :: Spring Boot ::                (v3.2.0)

    2025-12-26T09:39:03.558+09:00  INFO 5580 --- [    Test worker] c.kz.magazine.MagazineApplicationTests   : Starting MagazineApplicationTests using Java 17.0.13 with PID 5580 (started by hereisjeju in D:\berodu\SORIN\project\Newsletter\backend)
    2025-12-26T09:39:03.558+09:00  INFO 5580 --- [    Test worker] c.kz.magazine.MagazineApplicationTests   : No active profile set, falling back to 1 default profile: "default"
    2025-12-26T09:39:04.741+09:00  INFO 5580 --- [    Test worker] .s.d.r.c.RepositoryConfigurationDelegate : Bootstrapping Spring Data JPA repositories in DEFAULT mode.
    2025-12-26T09:39:04.840+09:00  INFO 5580 --- [    Test worker] .s.d.r.c.RepositoryConfigurationDelegate : Finished Spring Data repository scanning in 98 ms. Found 8 JPA repository interfaces.
    2025-12-26T09:39:05.449+09:00  INFO 5580 --- [    Test worker] com.zaxxer.hikari.HikariDataSource       : HikariPool-2 - Starting...
    2025-12-26T09:39:05.568+09:00  INFO 5580 --- [    Test worker] com.zaxxer.hikari.pool.HikariPool        : HikariPool-2 - Added connection org.postgresql.jdbc.PgConnection@6e5506c9
    2025-12-26T09:39:05.568+09:00  INFO 5580 --- [    Test worker] com.zaxxer.hikari.HikariDataSource       : HikariPool-2 - Start completed.
    2025-12-26T09:39:05.585+09:00  INFO 5580 --- [    Test worker] org.flywaydb.core.FlywayExecutor         : Database: jdbc:postgresql://localhost:5433/kz_magazine (PostgreSQL 15.15)
    2025-12-26T09:39:06.598+09:00  INFO 5580 --- [    Test worker] o.f.core.internal.command.DbMigrate      : Current version of schema "public": 5
    2025-12-26T09:39:06.615+09:00  INFO 5580 --- [    Test worker] o.f.core.internal.command.DbMigrate      : Schema "public" is up to date. No migration necessary.
    2025-12-26T09:39:06.752+09:00  INFO 5580 --- [    Test worker] o.hibernate.jpa.internal.util.LogHelper  : HHH000204: Processing PersistenceUnitInfo [name: default]
    2025-12-26T09:39:06.812+09:00  INFO 5580 --- [    Test worker] o.h.c.internal.RegionFactoryInitiator    : HHH000026: Second-level cache disabled
    2025-12-26T09:39:06.826+09:00  INFO 5580 --- [    Test worker] o.s.o.j.p.SpringPersistenceUnitInfo      : No LoadTimeWeaver setup: ignoring JPA class transformer
    2025-12-26T09:39:07.701+09:00  INFO 5580 --- [    Test worker] o.h.e.t.j.p.i.JtaPlatformInitiator       : HHH000489: No JTA platform available (set 'hibernate.transaction.jta.platform' to enable JTA platform integration)
    2025-12-26T09:39:07.701+09:00  INFO 5580 --- [    Test worker] j.LocalContainerEntityManagerFactoryBean : Initialized JPA EntityManagerFactory for persistence unit 'default'
    2025-12-26T09:39:08.616+09:00  WARN 5580 --- [    Test worker] JpaBaseConfiguration$JpaWebConfiguration : spring.jpa.open-in-view is enabled by default. Therefore, database queries may be performed during view rendering. Explicitly configure spring.jpa.open-in-view to disable this warning
    2025-12-26T09:39:08.733+09:00  WARN 5580 --- [    Test worker] .s.s.UserDetailsServiceAutoConfiguration : 

    Using generated security password: 94de8e2d-51b0-4eef-a704-522aef4f65e1

    This generated password is for development use only. Your security configuration must be updated before running your application in production.

    2025-12-26T09:39:09.585+09:00  INFO 5580 --- [    Test worker] o.s.s.web.DefaultSecurityFilterChain     : Will secure any request with [org.springframework.security.web.session.DisableEncodeUrlFilter@6df06d21, org.springframework.security.web.context.request.async.WebAsyncManagerIntegrationFilter@876c4f0, org.springframework.security.web.context.SecurityContextHolderFilter@7d3f7e4b, org.springframework.security.web.header.HeaderWriterFilter@81bc4da, org.springframework.web.filter.CorsFilter@24cb530d, org.springframework.security.web.authentication.logout.LogoutFilter@716125a3, com.kz.magazine.security.JwtAuthenticationFilter@569e8e11, org.springframework.security.web.savedrequest.RequestCacheAwareFilter@6d6d9406, org.springframework.security.web.servletapi.SecurityContextHolderAwareRequestFilter@7645ced6, org.springframework.security.web.authentication.AnonymousAuthenticationFilter@38696886, org.springframework.security.web.session.SessionManagementFilter@3c744de9, org.springframework.security.web.access.ExceptionTranslationFilter@150f3678, org.springframework.security.web.access.intercept.AuthorizationFilter@315a9738]
    2025-12-26T09:39:10.328+09:00  INFO 5580 --- [    Test worker] c.kz.magazine.MagazineApplicationTests   : Started MagazineApplicationTests in 6.864 seconds (process running for 23.432)

MagazineApplicationTests > contextLoads() PASSED

ContentApiTest STANDARD_OUT
    2025-12-26T09:39:10.403+09:00  INFO 5580 --- [    Test worker] t.c.s.AnnotationConfigContextLoaderUtils : Could not detect default configuration classes for test class [com.kz.magazine.controller.ContentApiTest]: ContentApiTest does not declare any static, non-private, non-final, nested classes annotated with @Configuration.
    2025-12-26T09:39:10.497+09:00  INFO 5580 --- [    Test worker] .b.t.c.SpringBootTestContextBootstrapper : Found @SpringBootConfiguration com.kz.magazine.MagazineApplication for test class com.kz.magazine.controller.ContentApiTest

      .   ____          _            __ _ _
     /\\ / ___'_ __ _ _(_)_ __  __ _ \ \ \ \
    ( ( )\___ | '_ | '_| | '_ \/ _` | \ \ \ \
     \\/  ___)| |_)| | | | | || (_| |  ) ) ) )
      '  |____| .__|_| |_|_| |_\__, | / / / /
     =========|_|==============|___/=/_/_/_/
     :: Spring Boot ::                (v3.2.0)

    2025-12-26T09:39:10.664+09:00  INFO 5580 --- [    Test worker] c.kz.magazine.controller.ContentApiTest  : Starting ContentApiTest using Java 17.0.13 with PID 5580 (started by hereisjeju in D:\berodu\SORIN\project\Newsletter\backend)
    2025-12-26T09:39:10.664+09:00  INFO 5580 --- [    Test worker] c.kz.magazine.controller.ContentApiTest  : No active profile set, falling back to 1 default profile: "default"
    2025-12-26T09:39:14.681+09:00  WARN 5580 --- [    Test worker] .s.s.UserDetailsServiceAutoConfiguration : 

    Using generated security password: c6becae2-cedd-4a20-bc98-95e781e05b84

    This generated password is for development use only. Your security configuration must be updated before running your application in production.

    2025-12-26T09:39:14.829+09:00  INFO 5580 --- [    Test worker] o.s.s.web.DefaultSecurityFilterChain     : Will secure any request with [org.springframework.security.web.session.DisableEncodeUrlFilter@6d8c1584, org.springframework.security.web.context.request.async.WebAsyncManagerIntegrationFilter@2e826bd1, org.springframework.security.web.context.SecurityContextHolderFilter@12a96a6e, org.springframework.security.web.header.HeaderWriterFilter@6ef99da8, org.springframework.web.filter.CorsFilter@271f6597, org.springframework.security.web.csrf.CsrfFilter@3bd623b2, org.springframework.security.web.authentication.logout.LogoutFilter@4b0e0dd5, org.springframework.security.web.authentication.UsernamePasswordAuthenticationFilter@7a9c91e7, org.springframework.security.web.authentication.ui.DefaultLoginPageGeneratingFilter@24a301a3, org.springframework.security.web.authentication.ui.DefaultLogoutPageGeneratingFilter@484e9fee, org.springframework.security.web.authentication.www.BasicAuthenticationFilter@2fb800ca, org.springframework.security.web.savedrequest.RequestCacheAwareFilter@18e8003a, org.springframework.security.web.servletapi.SecurityContextHolderAwareRequestFilter@695d804, org.springframework.security.web.authentication.AnonymousAuthenticationFilter@45e38356, org.springframework.security.web.access.ExceptionTranslationFilter@1e3e01b, org.springframework.security.web.access.intercept.AuthorizationFilter@6b89cbc0]
    2025-12-26T09:39:15.070+09:00  INFO 5580 --- [    Test worker] o.s.b.t.m.w.SpringBootMockServletContext : Initializing Spring TestDispatcherServlet ''
    2025-12-26T09:39:15.072+09:00  INFO 5580 --- [    Test worker] o.s.t.web.servlet.TestDispatcherServlet  : Initializing Servlet ''
    2025-12-26T09:39:15.076+09:00  INFO 5580 --- [    Test worker] o.s.t.web.servlet.TestDispatcherServlet  : Completed initialization in 1 ms
    2025-12-26T09:39:15.105+09:00  INFO 5580 --- [    Test worker] c.kz.magazine.controller.ContentApiTest  : Started ContentApiTest in 4.592 seconds (process running for 28.209)

ContentApiTest > Get Contents List - Success STANDARD_OUT
    2025-12-26T09:39:15.553+09:00  WARN 5580 --- [    Test worker] o.s.w.s.h.HandlerMappingIntrospector     : Cache miss for REQUEST dispatch to '/api/contents' (previous null). Performing CorsConfiguration lookup. This is logged once only at WARN level, and every time at TRACE.

ContentApiTest > Get Contents List - Success PASSED

ContentApiTest > Get Content Detail - Success PASSED

ContentApiTest > Delete Content - Success PASSED

ContentApiTest > Create Content - Success PASSED

ContentApiTest > Update Content - Success PASSED

FileApiTest STANDARD_OUT
    2025-12-26T09:39:17.793+09:00  INFO 5580 --- [    Test worker] t.c.s.AnnotationConfigContextLoaderUtils : Could not detect default configuration classes for test class [com.kz.magazine.controller.FileApiTest]: FileApiTest does not declare any static, non-private, non-final, nested classes annotated with @Configuration.
    2025-12-26T09:39:17.893+09:00  INFO 5580 --- [    Test worker] .b.t.c.SpringBootTestContextBootstrapper : Found @SpringBootConfiguration com.kz.magazine.MagazineApplication for test class com.kz.magazine.controller.FileApiTest

      .   ____          _            __ _ _
     /\\ / ___'_ __ _ _(_)_ __  __ _ \ \ \ \
    ( ( )\___ | '_ | '_| | '_ \/ _` | \ \ \ \
     \\/  ___)| |_)| | | | | || (_| |  ) ) ) )
      '  |____| .__|_| |_|_| |_\__, | / / / /
     =========|_|==============|___/=/_/_/_/
     :: Spring Boot ::                (v3.2.0)

    2025-12-26T09:39:18.029+09:00  INFO 5580 --- [    Test worker] com.kz.magazine.controller.FileApiTest   : Starting FileApiTest using Java 17.0.13 with PID 5580 (started by hereisjeju in D:\berodu\SORIN\project\Newsletter\backend)
    2025-12-26T09:39:18.029+09:00  INFO 5580 --- [    Test worker] com.kz.magazine.controller.FileApiTest   : No active profile set, falling back to 1 default profile: "default"
    2025-12-26T09:39:19.726+09:00  WARN 5580 --- [    Test worker] .s.s.UserDetailsServiceAutoConfiguration : 

    Using generated security password: 50be60d0-c032-4dee-aff7-813e665e8c60

    This generated password is for development use only. Your security configuration must be updated before running your application in production.

    2025-12-26T09:39:19.739+09:00  INFO 5580 --- [    Test worker] o.s.s.web.DefaultSecurityFilterChain     : Will secure any request with [org.springframework.security.web.session.DisableEncodeUrlFilter@665e9a87, org.springframework.security.web.context.request.async.WebAsyncManagerIntegrationFilter@424ddcb0, org.springframework.security.web.context.SecurityContextHolderFilter@161e7cbc, org.springframework.security.web.header.HeaderWriterFilter@2aff6ec3, org.springframework.web.filter.CorsFilter@4ac2d69c, org.springframework.security.web.csrf.CsrfFilter@35f03e9d, org.springframework.security.web.authentication.logout.LogoutFilter@6f3b07ed, org.springframework.security.web.authentication.UsernamePasswordAuthenticationFilter@682c0560, org.springframework.security.web.authentication.ui.DefaultLoginPageGeneratingFilter@5d3dbf56, org.springframework.security.web.authentication.ui.DefaultLogoutPageGeneratingFilter@60ce71c8, org.springframework.security.web.authentication.www.BasicAuthenticationFilter@3be23894, org.springframework.security.web.savedrequest.RequestCacheAwareFilter@22aeac34, org.springframework.security.web.servletapi.SecurityContextHolderAwareRequestFilter@ce5417f, org.springframework.security.web.authentication.AnonymousAuthenticationFilter@725645f4, org.springframework.security.web.access.ExceptionTranslationFilter@6850c02, org.springframework.security.web.access.intercept.AuthorizationFilter@5f9f6511]
    2025-12-26T09:39:19.756+09:00  INFO 5580 --- [    Test worker] o.s.b.t.m.w.SpringBootMockServletContext : Initializing Spring TestDispatcherServlet ''
    2025-12-26T09:39:19.756+09:00  INFO 5580 --- [    Test worker] o.s.t.web.servlet.TestDispatcherServlet  : Initializing Servlet ''
    2025-12-26T09:39:19.758+09:00  INFO 5580 --- [    Test worker] o.s.t.web.servlet.TestDispatcherServlet  : Completed initialization in 2 ms
    2025-12-26T09:39:19.807+09:00  INFO 5580 --- [    Test worker] com.kz.magazine.controller.FileApiTest   : Started FileApiTest in 1.909 seconds (process running for 32.911)

FileApiTest > Upload File - Success STANDARD_OUT
    2025-12-26T09:39:19.843+09:00  WARN 5580 --- [    Test worker] o.s.w.s.h.HandlerMappingIntrospector     : Cache miss for REQUEST dispatch to '/api/files/upload' (previous null). Performing CorsConfiguration lookup. This is logged once only at WARN level, and every time at TRACE.

FileApiTest > Upload File - Success PASSED

AuditLogServiceTest > logAction_Success() PASSED

ContentViewServiceTest > incrementViewCount_Deduped() PASSED

ContentViewServiceTest > incrementViewCount_Success() PASSED

ReactionServiceTest > toggleLike_AddLike() PASSED

ReactionServiceTest > toggleLike_RemoveLike() PASSED

HtmlSanitizerTest > Should allow valid links but enforce nofollow PASSED

HtmlSanitizerTest > Should remove script tags PASSED

HtmlSanitizerTest > Should allow safe tags and attributes PASSED

HtmlSanitizerTest > Should allow Youtube iframe PASSED

2025-12-26T09:39:21.754+09:00  INFO 5580 --- [ionShutdownHook] j.LocalContainerEntityManagerFactoryBean : Closing JPA EntityManagerFactory for persistence unit 'default'
2025-12-26T09:39:21.761+09:00  INFO 5580 --- [ionShutdownHook] com.zaxxer.hikari.HikariDataSource       : HikariPool-1 - Shutdown initiated...
2025-12-26T09:39:21.794+09:00  INFO 5580 --- [ionShutdownHook] com.zaxxer.hikari.HikariDataSource       : HikariPool-1 - Shutdown completed.
2025-12-26T09:39:21.804+09:00  INFO 5580 --- [ionShutdownHook] j.LocalContainerEntityManagerFactoryBean : Closing JPA EntityManagerFactory for persistence unit 'default'
2025-12-26T09:39:21.806+09:00  INFO 5580 --- [ionShutdownHook] com.zaxxer.hikari.HikariDataSource       : HikariPool-2 - Shutdown initiated...
2025-12-26T09:39:21.819+09:00  INFO 5580 --- [ionShutdownHook] com.zaxxer.hikari.HikariDataSource       : HikariPool-2 - Shutdown completed.

> Task :test FAILED

17 tests completed, 1 failed

FAILURE: Build failed with an exception.

* What went wrong:
Execution failed for task ':test'.
> There were failing tests. See the report at: file:///D:/berodu/SORIN/project/Newsletter/backend/build/reports/tests/test/index.html

* Try:
> Run with --scan to get full insights.

Deprecated Gradle features were used in this build, making it incompatible with Gradle 9.0.

You can use '--warning-mode all' to show the individual deprecation warnings and determine if they come from your own scripts or plugins.

For more on this, please refer to https://docs.gradle.org/8.5/userguide/command_line_interface.html#sec:command_line_warnings in the Gradle documentation.

BUILD FAILED in 46s
4 actionable tasks: 3 executed, 1 up-to-date
