
> Task :compileJava
D:\berodu\SORIN\project\Newsletter\backend\src\main\java\com\kz\magazine\entity\Content.java:63: warning: @Builder will ignore the initializing expression entirely. If you want the initializing expression to serve as default, add @Builder.Default. If it is not supposed to be settable during building, make the field final.
    private Long viewCount = 0L;
                 ^
D:\berodu\SORIN\project\Newsletter\backend\src\main\java\com\kz\magazine\entity\Content.java:70: warning: @Builder will ignore the initializing expression entirely. If you want the initializing expression to serve as default, add @Builder.Default. If it is not supposed to be settable during building, make the field final.
    private List<ContentHashtag> hashtags = new ArrayList<>();
                                 ^
D:\berodu\SORIN\project\Newsletter\backend\src\main\java\com\kz\magazine\entity\Content.java:90: warning: @Builder will ignore the initializing expression entirely. If you want the initializing expression to serve as default, add @Builder.Default. If it is not supposed to be settable during building, make the field final.
    private Long ratingCount = 0L;
                 ^
D:\berodu\SORIN\project\Newsletter\backend\src\main\java\com\kz\magazine\entity\Content.java:91: warning: @Builder will ignore the initializing expression entirely. If you want the initializing expression to serve as default, add @Builder.Default. If it is not supposed to be settable during building, make the field final.
    private Long ratingSum = 0L;
                 ^
D:\berodu\SORIN\project\Newsletter\backend\src\main\java\com\kz\magazine\entity\Content.java:92: warning: @Builder will ignore the initializing expression entirely. If you want the initializing expression to serve as default, add @Builder.Default. If it is not supposed to be settable during building, make the field final.
    private BigDecimal averageRating = BigDecimal.ZERO;
                       ^
5 warnings

> Task :processResources UP-TO-DATE
> Task :classes
> Task :compileTestJava
> Task :processTestResources NO-SOURCE
> Task :testClasses
OpenJDK 64-Bit Server VM warning: Sharing is only supported for boot loader classes because bootstrap classpath has been appended

> Task :test

RepositoryTest > Content Repository Mapping Test FAILED
    org.springframework.dao.InvalidDataAccessResourceUsageException at RepositoryTest.java:57
        Caused by: org.hibernate.exception.SQLGrammarException at RepositoryTest.java:57
            Caused by: org.postgresql.util.PSQLException at RepositoryTest.java:57

2025-12-26T09:35:45.136+09:00  INFO 3620 --- [ionShutdownHook] j.LocalContainerEntityManagerFactoryBean : Closing JPA EntityManagerFactory for persistence unit 'default'
2025-12-26T09:35:45.139+09:00  INFO 3620 --- [ionShutdownHook] com.zaxxer.hikari.HikariDataSource       : HikariPool-1 - Shutdown initiated...
2025-12-26T09:35:45.303+09:00  INFO 3620 --- [ionShutdownHook] com.zaxxer.hikari.HikariDataSource       : HikariPool-1 - Shutdown completed.
2025-12-26T09:35:45.315+09:00  INFO 3620 --- [ionShutdownHook] j.LocalContainerEntityManagerFactoryBean : Closing JPA EntityManagerFactory for persistence unit 'default'
2025-12-26T09:35:45.317+09:00  INFO 3620 --- [ionShutdownHook] com.zaxxer.hikari.HikariDataSource       : HikariPool-2 - Shutdown initiated...
2025-12-26T09:35:45.424+09:00  INFO 3620 --- [ionShutdownHook] com.zaxxer.hikari.HikariDataSource       : HikariPool-2 - Shutdown completed.

> Task :test

17 tests completed, 1 failed

> Task :test FAILED

FAILURE: Build failed with an exception.

* What went wrong:
Execution failed for task ':test'.
> There were failing tests. See the report at: file:///D:/berodu/SORIN/project/Newsletter/backend/build/reports/tests/test/index.html

* Try:
> Run with --scan to get full insights.

Deprecated Gradle features were used in this build, making it incompatible with Gradle 9.0.

You can use '--warning-mode all' to show the individual deprecation warnings and determine if they come from your own scripts or plugins.

For more on this, please refer to https://docs.gradle.org/8.5/userguide/command_line_interface.html#sec:command_line_warnings in the Gradle documentation.

BUILD FAILED in 39s
4 actionable tasks: 3 executed, 1 up-to-date
