> Task :compileJava UP-TO-DATE
> Task :processResources UP-TO-DATE
> Task :classes UP-TO-DATE
> Task :compileTestJava UP-TO-DATE
> Task :processTestResources NO-SOURCE
> Task :testClasses UP-TO-DATE

> Task :test

RepositoryTest STANDARD_OUT
    09:36:48.954 [Test worker] INFO org.springframework.test.context.support.AnnotationConfigContextLoaderUtils -- Could not detect default configuration classes for test class [com.kz.magazine.repository.RepositoryTest]: RepositoryTest does not declare any static, non-private, non-final, nested classes annotated with @Configuration.
    09:36:49.327 [Test worker] INFO org.springframework.boot.test.context.SpringBootTestContextBootstrapper -- Found @SpringBootConfiguration com.kz.magazine.MagazineApplication for test class com.kz.magazine.repository.RepositoryTest

      .   ____          _            __ _ _
     /\\ / ___'_ __ _ _(_)_ __  __ _ \ \ \ \
    ( ( )\___ | '_ | '_| | '_ \/ _` | \ \ \ \
     \\/  ___)| |_)| | | | | || (_| |  ) ) ) )
      '  |____| .__|_| |_|_| |_\__, | / / / /
     =========|_|==============|___/=/_/_/_/
     :: Spring Boot ::                (v3.2.0)

    2025-12-26T09:36:51.727+09:00  INFO 24268 --- [    Test worker] c.kz.magazine.repository.RepositoryTest  : Starting RepositoryTest using Java 17.0.13 with PID 24268 (started by hereisjeju in D:\berodu\SORIN\project\Newsletter\backend)
    2025-12-26T09:36:51.737+09:00  INFO 24268 --- [    Test worker] c.kz.magazine.repository.RepositoryTest  : No active profile set, falling back to 1 default profile: "default"
    2025-12-26T09:36:53.260+09:00  INFO 24268 --- [    Test worker] .s.d.r.c.RepositoryConfigurationDelegate : Bootstrapping Spring Data JPA repositories in DEFAULT mode.
    2025-12-26T09:36:53.440+09:00  INFO 24268 --- [    Test worker] .s.d.r.c.RepositoryConfigurationDelegate : Finished Spring Data repository scanning in 167 ms. Found 8 JPA repository interfaces.
    2025-12-26T09:36:55.818+09:00  INFO 24268 --- [    Test worker] com.zaxxer.hikari.HikariDataSource       : HikariPool-1 - Starting...
    2025-12-26T09:36:56.950+09:00  INFO 24268 --- [    Test worker] com.zaxxer.hikari.pool.HikariPool        : HikariPool-1 - Added connection org.postgresql.jdbc.PgConnection@59a2388e
    2025-12-26T09:36:56.953+09:00  INFO 24268 --- [    Test worker] com.zaxxer.hikari.HikariDataSource       : HikariPool-1 - Start completed.
    2025-12-26T09:36:57.113+09:00  INFO 24268 --- [    Test worker] o.f.c.internal.license.VersionPrinter    : Flyway Community Edition 9.22.3 by Redgate
    2025-12-26T09:36:57.113+09:00  INFO 24268 --- [    Test worker] o.f.c.internal.license.VersionPrinter    : See release notes here: https://rd.gt/416ObMi
    2025-12-26T09:36:57.113+09:00  INFO 24268 --- [    Test worker] o.f.c.internal.license.VersionPrinter    : 
    2025-12-26T09:36:57.172+09:00  INFO 24268 --- [    Test worker] org.flywaydb.core.FlywayExecutor         : Database: jdbc:postgresql://localhost:5433/kz_magazine (PostgreSQL 15.15)
    2025-12-26T09:36:57.627+09:00  INFO 24268 --- [    Test worker] o.f.core.internal.command.DbMigrate      : Current version of schema "public": 5
    2025-12-26T09:36:57.636+09:00  INFO 24268 --- [    Test worker] o.f.core.internal.command.DbMigrate      : Schema "public" is up to date. No migration necessary.
    2025-12-26T09:36:57.959+09:00  INFO 24268 --- [    Test worker] o.hibernate.jpa.internal.util.LogHelper  : HHH000204: Processing PersistenceUnitInfo [name: default]
    2025-12-26T09:36:58.115+09:00  INFO 24268 --- [    Test worker] org.hibernate.Version                    : HHH000412: Hibernate ORM core version 6.3.1.Final
    2025-12-26T09:36:58.181+09:00  INFO 24268 --- [    Test worker] o.h.c.internal.RegionFactoryInitiator    : HHH000026: Second-level cache disabled
    2025-12-26T09:36:58.817+09:00  INFO 24268 --- [    Test worker] o.s.o.j.p.SpringPersistenceUnitInfo      : No LoadTimeWeaver setup: ignoring JPA class transformer
    2025-12-26T09:37:00.876+09:00  INFO 24268 --- [    Test worker] o.h.e.t.j.p.i.JtaPlatformInitiator       : HHH000489: No JTA platform available (set 'hibernate.transaction.jta.platform' to enable JTA platform integration)
    2025-12-26T09:37:00.881+09:00  INFO 24268 --- [    Test worker] j.LocalContainerEntityManagerFactoryBean : Initialized JPA EntityManagerFactory for persistence unit 'default'
    2025-12-26T09:37:02.002+09:00  INFO 24268 --- [    Test worker] o.s.d.j.r.query.QueryEnhancerFactory     : Hibernate is in classpath; If applicable, HQL parser will be used.
    2025-12-26T09:37:03.213+09:00  INFO 24268 --- [    Test worker] c.kz.magazine.repository.RepositoryTest  : Started RepositoryTest in 13.476 seconds (process running for 16.65)

OpenJDK 64-Bit Server VM warning: Sharing is only supported for boot loader classes because bootstrap classpath has been appended

> Task :test

RepositoryTest > Content Repository Mapping Test STANDARD_OUT
    2025-12-26T09:37:05.136+09:00 DEBUG 24268 --- [    Test worker] org.hibernate.SQL                        : 
        select
            c1_0.category_id,
            c1_0.category_name,
            c1_0.created_at,
            c1_0.created_by,
            c1_0.display_order,
            c1_0.is_active,
            c1_0.updated_at,
            c1_0.updated_by 
        from
            categories c1_0 
        where
            c1_0.category_name=?
    Hibernate: 
        select
            c1_0.category_id,
            c1_0.category_name,
            c1_0.created_at,
            c1_0.created_by,
            c1_0.display_order,
            c1_0.is_active,
            c1_0.updated_at,
            c1_0.updated_by 
        from
            categories c1_0 
        where
            c1_0.category_name=?
    2025-12-26T09:37:05.167+09:00 DEBUG 24268 --- [    Test worker] org.hibernate.SQL                        : 
        select
            u1_0.user_id,
            u1_0.created_at,
            u1_0.created_by,
            u1_0.department,
            u1_0.email,
            u1_0.is_active,
            u1_0.name,
            u1_0.role,
            u1_0.updated_at,
            u1_0.updated_by,
            u1_0.username 
        from
            users u1_0 
        where
            u1_0.username=?
    Hibernate: 
        select
            u1_0.user_id,
            u1_0.created_at,
            u1_0.created_by,
            u1_0.department,
            u1_0.email,
            u1_0.is_active,
            u1_0.name,
            u1_0.role,
            u1_0.updated_at,
            u1_0.updated_by,
            u1_0.username 
        from
            users u1_0 
        where
            u1_0.username=?
    2025-12-26T09:37:05.262+09:00 DEBUG 24268 --- [    Test worker] org.hibernate.SQL                        : 
        insert 
        into
            contents
            (author_id, author_name, average_rating, body_html, body_text, category_id, created_at, deleted_at, deleted_by, instagram_url, published_at, rating_count, rating_sum, scheduled_at, status, summary, thumbnail_file_id, title, updated_at, view_count, youtube_url) 
        values
            (?, ?, ?, ?, ?, ?, ?, ?, ?, ?, ?, ?, ?, ?, ?, ?, ?, ?, ?, ?, ?)
    Hibernate: 
        insert 
        into
            contents
            (author_id, author_name, average_rating, body_html, body_text, category_id, created_at, deleted_at, deleted_by, instagram_url, published_at, rating_count, rating_sum, scheduled_at, status, summary, thumbnail_file_id, title, updated_at, view_count, youtube_url) 
        values
            (?, ?, ?, ?, ?, ?, ?, ?, ?, ?, ?, ?, ?, ?, ?, ?, ?, ?, ?, ?, ?)
    2025-12-26T09:37:05.276+09:00  WARN 24268 --- [    Test worker] o.h.engine.jdbc.spi.SqlExceptionHelper   : SQL Error: 0, SQLState: 42703
    2025-12-26T09:37:05.277+09:00 ERROR 24268 --- [    Test worker] o.h.engine.jdbc.spi.SqlExceptionHelper   : ERROR: column "author_name" of relation "contents" does not exist
      Position: 33

RepositoryTest > Content Repository Mapping Test FAILED
    org.springframework.dao.InvalidDataAccessResourceUsageException at RepositoryTest.java:57
        Caused by: org.hibernate.exception.SQLGrammarException at RepositoryTest.java:57
            Caused by: org.postgresql.util.PSQLException at RepositoryTest.java:57

MagazineApplicationTests STANDARD_OUT
    2025-12-26T09:37:05.317+09:00  INFO 24268 --- [    Test worker] t.c.s.AnnotationConfigContextLoaderUtils : Could not detect default configuration classes for test class [com.kz.magazine.MagazineApplicationTests]: MagazineApplicationTests does not declare any static, non-private, non-final, nested classes annotated with @Configuration.
    2025-12-26T09:37:05.326+09:00  INFO 24268 --- [    Test worker] .b.t.c.SpringBootTestContextBootstrapper : Found @SpringBootConfiguration com.kz.magazine.MagazineApplication for test class com.kz.magazine.MagazineApplicationTests

      .   ____          _            __ _ _
     /\\ / ___'_ __ _ _(_)_ __  __ _ \ \ \ \
    ( ( )\___ | '_ | '_| | '_ \/ _` | \ \ \ \
     \\/  ___)| |_)| | | | | || (_| |  ) ) ) )
      '  |____| .__|_| |_|_| |_\__, | / / / /
     =========|_|==============|___/=/_/_/_/
     :: Spring Boot ::                (v3.2.0)

    2025-12-26T09:37:05.445+09:00  INFO 24268 --- [    Test worker] c.kz.magazine.MagazineApplicationTests   : Starting MagazineApplicationTests using Java 17.0.13 with PID 24268 (started by hereisjeju in D:\berodu\SORIN\project\Newsletter\backend)
    2025-12-26T09:37:05.445+09:00  INFO 24268 --- [    Test worker] c.kz.magazine.MagazineApplicationTests   : No active profile set, falling back to 1 default profile: "default"
    2025-12-26T09:37:06.374+09:00  INFO 24268 --- [    Test worker] .s.d.r.c.RepositoryConfigurationDelegate : Bootstrapping Spring Data JPA repositories in DEFAULT mode.
    2025-12-26T09:37:06.480+09:00  INFO 24268 --- [    Test worker] .s.d.r.c.RepositoryConfigurationDelegate : Finished Spring Data repository scanning in 105 ms. Found 8 JPA repository interfaces.
    2025-12-26T09:37:07.288+09:00  INFO 24268 --- [    Test worker] com.zaxxer.hikari.HikariDataSource       : HikariPool-2 - Starting...
    2025-12-26T09:37:07.671+09:00  INFO 24268 --- [    Test worker] com.zaxxer.hikari.pool.HikariPool        : HikariPool-2 - Added connection org.postgresql.jdbc.PgConnection@13b0755e
    2025-12-26T09:37:07.672+09:00  INFO 24268 --- [    Test worker] com.zaxxer.hikari.HikariDataSource       : HikariPool-2 - Start completed.
    2025-12-26T09:37:07.718+09:00  INFO 24268 --- [    Test worker] org.flywaydb.core.FlywayExecutor         : Database: jdbc:postgresql://localhost:5433/kz_magazine (PostgreSQL 15.15)
    2025-12-26T09:37:08.124+09:00  INFO 24268 --- [    Test worker] o.f.core.internal.command.DbMigrate      : Current version of schema "public": 5
    2025-12-26T09:37:08.138+09:00  INFO 24268 --- [    Test worker] o.f.core.internal.command.DbMigrate      : Schema "public" is up to date. No migration necessary.
    2025-12-26T09:37:08.193+09:00  INFO 24268 --- [    Test worker] o.hibernate.jpa.internal.util.LogHelper  : HHH000204: Processing PersistenceUnitInfo [name: default]
    2025-12-26T09:37:08.197+09:00  INFO 24268 --- [    Test worker] o.h.c.internal.RegionFactoryInitiator    : HHH000026: Second-level cache disabled
    2025-12-26T09:37:08.202+09:00  INFO 24268 --- [    Test worker] o.s.o.j.p.SpringPersistenceUnitInfo      : No LoadTimeWeaver setup: ignoring JPA class transformer
    2025-12-26T09:37:08.744+09:00  INFO 24268 --- [    Test worker] o.h.e.t.j.p.i.JtaPlatformInitiator       : HHH000489: No JTA platform available (set 'hibernate.transaction.jta.platform' to enable JTA platform integration)
    2025-12-26T09:37:08.745+09:00  INFO 24268 --- [    Test worker] j.LocalContainerEntityManagerFactoryBean : Initialized JPA EntityManagerFactory for persistence unit 'default'
    2025-12-26T09:37:09.539+09:00  WARN 24268 --- [    Test worker] JpaBaseConfiguration$JpaWebConfiguration : spring.jpa.open-in-view is enabled by default. Therefore, database queries may be performed during view rendering. Explicitly configure spring.jpa.open-in-view to disable this warning
    2025-12-26T09:37:09.585+09:00  WARN 24268 --- [    Test worker] .s.s.UserDetailsServiceAutoConfiguration : 

    Using generated security password: 73a73121-1453-4532-8737-34a3c1e6e83a

    This generated password is for development use only. Your security configuration must be updated before running your application in production.

    2025-12-26T09:37:10.371+09:00  INFO 24268 --- [    Test worker] o.s.s.web.DefaultSecurityFilterChain     : Will secure any request with [org.springframework.security.web.session.DisableEncodeUrlFilter@66741691, org.springframework.security.web.context.request.async.WebAsyncManagerIntegrationFilter@77961693, org.springframework.security.web.context.SecurityContextHolderFilter@2aeffa55, org.springframework.security.web.header.HeaderWriterFilter@7cf9557a, org.springframework.web.filter.CorsFilter@591ae3dd, org.springframework.security.web.authentication.logout.LogoutFilter@24209520, com.kz.magazine.security.JwtAuthenticationFilter@20a4f67a, org.springframework.security.web.savedrequest.RequestCacheAwareFilter@46756a5b, org.springframework.security.web.servletapi.SecurityContextHolderAwareRequestFilter@408530d2, org.springframework.security.web.authentication.AnonymousAuthenticationFilter@66a2bc61, org.springframework.security.web.session.SessionManagementFilter@3aac3f34, org.springframework.security.web.access.ExceptionTranslationFilter@38138629, org.springframework.security.web.access.intercept.AuthorizationFilter@42ca6733]
    2025-12-26T09:37:11.063+09:00  INFO 24268 --- [    Test worker] c.kz.magazine.MagazineApplicationTests   : Started MagazineApplicationTests in 5.7 seconds (process running for 24.499)

MagazineApplicationTests > contextLoads() PASSED

ContentApiTest STANDARD_OUT
    2025-12-26T09:37:11.123+09:00  INFO 24268 --- [    Test worker] t.c.s.AnnotationConfigContextLoaderUtils : Could not detect default configuration classes for test class [com.kz.magazine.controller.ContentApiTest]: ContentApiTest does not declare any static, non-private, non-final, nested classes annotated with @Configuration.
    2025-12-26T09:37:11.172+09:00  INFO 24268 --- [    Test worker] .b.t.c.SpringBootTestContextBootstrapper : Found @SpringBootConfiguration com.kz.magazine.MagazineApplication for test class com.kz.magazine.controller.ContentApiTest

      .   ____          _            __ _ _
     /\\ / ___'_ __ _ _(_)_ __  __ _ \ \ \ \
    ( ( )\___ | '_ | '_| | '_ \/ _` | \ \ \ \
     \\/  ___)| |_)| | | | | || (_| |  ) ) ) )
      '  |____| .__|_| |_|_| |_\__, | / / / /
     =========|_|==============|___/=/_/_/_/
     :: Spring Boot ::                (v3.2.0)

    2025-12-26T09:37:11.236+09:00  INFO 24268 --- [    Test worker] c.kz.magazine.controller.ContentApiTest  : Starting ContentApiTest using Java 17.0.13 with PID 24268 (started by hereisjeju in D:\berodu\SORIN\project\Newsletter\backend)
    2025-12-26T09:37:11.236+09:00  INFO 24268 --- [    Test worker] c.kz.magazine.controller.ContentApiTest  : No active profile set, falling back to 1 default profile: "default"
    2025-12-26T09:37:13.571+09:00  WARN 24268 --- [    Test worker] .s.s.UserDetailsServiceAutoConfiguration : 

    Using generated security password: 297e99e5-8613-4f0e-913e-f18f22e71175

    This generated password is for development use only. Your security configuration must be updated before running your application in production.

    2025-12-26T09:37:13.667+09:00  INFO 24268 --- [    Test worker] o.s.s.web.DefaultSecurityFilterChain     : Will secure any request with [org.springframework.security.web.session.DisableEncodeUrlFilter@41f17bb7, org.springframework.security.web.context.request.async.WebAsyncManagerIntegrationFilter@18be3e85, org.springframework.security.web.context.SecurityContextHolderFilter@7882a4d8, org.springframework.security.web.header.HeaderWriterFilter@45e38356, org.springframework.web.filter.CorsFilter@50ee7857, org.springframework.security.web.csrf.CsrfFilter@271f6597, org.springframework.security.web.authentication.logout.LogoutFilter@59a8891e, org.springframework.security.web.authentication.UsernamePasswordAuthenticationFilter@127205ac, org.springframework.security.web.authentication.ui.DefaultLoginPageGeneratingFilter@4140d677, org.springframework.security.web.authentication.ui.DefaultLogoutPageGeneratingFilter@48455005, org.springframework.security.web.authentication.www.BasicAuthenticationFilter@5739e15e, org.springframework.security.web.savedrequest.RequestCacheAwareFilter@24ed4582, org.springframework.security.web.servletapi.SecurityContextHolderAwareRequestFilter@18601f1e, org.springframework.security.web.authentication.AnonymousAuthenticationFilter@223a679, org.springframework.security.web.access.ExceptionTranslationFilter@484e9fee, org.springframework.security.web.access.intercept.AuthorizationFilter@a28296e]
    2025-12-26T09:37:13.916+09:00  INFO 24268 --- [    Test worker] o.s.b.t.m.w.SpringBootMockServletContext : Initializing Spring TestDispatcherServlet ''
    2025-12-26T09:37:13.917+09:00  INFO 24268 --- [    Test worker] o.s.t.web.servlet.TestDispatcherServlet  : Initializing Servlet ''
    2025-12-26T09:37:13.918+09:00  INFO 24268 --- [    Test worker] o.s.t.web.servlet.TestDispatcherServlet  : Completed initialization in 1 ms
    2025-12-26T09:37:13.941+09:00  INFO 24268 --- [    Test worker] c.kz.magazine.controller.ContentApiTest  : Started ContentApiTest in 2.758 seconds (process running for 27.377)

ContentApiTest > Get Contents List - Success STANDARD_OUT
    2025-12-26T09:37:14.219+09:00  WARN 24268 --- [    Test worker] o.s.w.s.h.HandlerMappingIntrospector     : Cache miss for REQUEST dispatch to '/api/contents' (previous null). Performing CorsConfiguration lookup. This is logged once only at WARN level, and every time at TRACE.

ContentApiTest > Get Contents List - Success PASSED

ContentApiTest > Get Content Detail - Success PASSED

ContentApiTest > Delete Content - Success PASSED

ContentApiTest > Create Content - Success PASSED

ContentApiTest > Update Content - Success PASSED

FileApiTest STANDARD_OUT
    2025-12-26T09:37:16.151+09:00  INFO 24268 --- [    Test worker] t.c.s.AnnotationConfigContextLoaderUtils : Could not detect default configuration classes for test class [com.kz.magazine.controller.FileApiTest]: FileApiTest does not declare any static, non-private, non-final, nested classes annotated with @Configuration.
    2025-12-26T09:37:16.179+09:00  INFO 24268 --- [    Test worker] .b.t.c.SpringBootTestContextBootstrapper : Found @SpringBootConfiguration com.kz.magazine.MagazineApplication for test class com.kz.magazine.controller.FileApiTest

      .   ____          _            __ _ _
     /\\ / ___'_ __ _ _(_)_ __  __ _ \ \ \ \
    ( ( )\___ | '_ | '_| | '_ \/ _` | \ \ \ \
     \\/  ___)| |_)| | | | | || (_| |  ) ) ) )
      '  |____| .__|_| |_|_| |_\__, | / / / /
     =========|_|==============|___/=/_/_/_/
     :: Spring Boot ::                (v3.2.0)

    2025-12-26T09:37:16.274+09:00  INFO 24268 --- [    Test worker] com.kz.magazine.controller.FileApiTest   : Starting FileApiTest using Java 17.0.13 with PID 24268 (started by hereisjeju in D:\berodu\SORIN\project\Newsletter\backend)
    2025-12-26T09:37:16.274+09:00  INFO 24268 --- [    Test worker] com.kz.magazine.controller.FileApiTest   : No active profile set, falling back to 1 default profile: "default"
    2025-12-26T09:37:17.595+09:00  WARN 24268 --- [    Test worker] .s.s.UserDetailsServiceAutoConfiguration : 

    Using generated security password: 1499341a-22e6-476b-83be-388d89bdc744

    This generated password is for development use only. Your security configuration must be updated before running your application in production.

    2025-12-26T09:37:17.611+09:00  INFO 24268 --- [    Test worker] o.s.s.web.DefaultSecurityFilterChain     : Will secure any request with [org.springframework.security.web.session.DisableEncodeUrlFilter@10efe4ca, org.springframework.security.web.context.request.async.WebAsyncManagerIntegrationFilter@7c45bd55, org.springframework.security.web.context.SecurityContextHolderFilter@77e55368, org.springframework.security.web.header.HeaderWriterFilter@45f9f520, org.springframework.web.filter.CorsFilter@61b67cbb, org.springframework.security.web.csrf.CsrfFilter@1227013b, org.springframework.security.web.authentication.logout.LogoutFilter@43f0a612, org.springframework.security.web.authentication.UsernamePasswordAuthenticationFilter@59e890c6, org.springframework.security.web.authentication.ui.DefaultLoginPageGeneratingFilter@4eb168a1, org.springframework.security.web.authentication.ui.DefaultLogoutPageGeneratingFilter@37e6ecd3, org.springframework.security.web.authentication.www.BasicAuthenticationFilter@73d4aa54, org.springframework.security.web.savedrequest.RequestCacheAwareFilter@5d61ba76, org.springframework.security.web.servletapi.SecurityContextHolderAwareRequestFilter@44ebd5e9, org.springframework.security.web.authentication.AnonymousAuthenticationFilter@58409751, org.springframework.security.web.access.ExceptionTranslationFilter@53a95744, org.springframework.security.web.access.intercept.AuthorizationFilter@1fee651f]
    2025-12-26T09:37:17.714+09:00  INFO 24268 --- [    Test worker] o.s.b.t.m.w.SpringBootMockServletContext : Initializing Spring TestDispatcherServlet ''
    2025-12-26T09:37:17.715+09:00  INFO 24268 --- [    Test worker] o.s.t.web.servlet.TestDispatcherServlet  : Initializing Servlet ''
    2025-12-26T09:37:17.720+09:00  INFO 24268 --- [    Test worker] o.s.t.web.servlet.TestDispatcherServlet  : Completed initialization in 4 ms
    2025-12-26T09:37:17.730+09:00  INFO 24268 --- [    Test worker] com.kz.magazine.controller.FileApiTest   : Started FileApiTest in 1.544 seconds (process running for 31.166)

FileApiTest > Upload File - Success STANDARD_OUT
    2025-12-26T09:37:17.754+09:00  WARN 24268 --- [    Test worker] o.s.w.s.h.HandlerMappingIntrospector     : Cache miss for REQUEST dispatch to '/api/files/upload' (previous null). Performing CorsConfiguration lookup. This is logged once only at WARN level, and every time at TRACE.

FileApiTest > Upload File - Success PASSED

AuditLogServiceTest > logAction_Success() PASSED

ContentViewServiceTest > incrementViewCount_Deduped() PASSED

ContentViewServiceTest > incrementViewCount_Success() PASSED

ReactionServiceTest > toggleLike_AddLike() PASSED

ReactionServiceTest > toggleLike_RemoveLike() PASSED

HtmlSanitizerTest > Should allow valid links but enforce nofollow PASSED

HtmlSanitizerTest > Should remove script tags PASSED

HtmlSanitizerTest > Should allow safe tags and attributes PASSED

HtmlSanitizerTest > Should allow Youtube iframe PASSED

2025-12-26T09:37:19.426+09:00  INFO 24268 --- [ionShutdownHook] j.LocalContainerEntityManagerFactoryBean : Closing JPA EntityManagerFactory for persistence unit 'default'
2025-12-26T09:37:19.453+09:00  INFO 24268 --- [ionShutdownHook] com.zaxxer.hikari.HikariDataSource       : HikariPool-1 - Shutdown initiated...
2025-12-26T09:37:19.537+09:00  INFO 24268 --- [ionShutdownHook] com.zaxxer.hikari.HikariDataSource       : HikariPool-1 - Shutdown completed.
2025-12-26T09:37:19.544+09:00  INFO 24268 --- [ionShutdownHook] j.LocalContainerEntityManagerFactoryBean : Closing JPA EntityManagerFactory for persistence unit 'default'
2025-12-26T09:37:19.548+09:00  INFO 24268 --- [ionShutdownHook] com.zaxxer.hikari.HikariDataSource       : HikariPool-2 - Shutdown initiated...
2025-12-26T09:37:19.609+09:00  INFO 24268 --- [ionShutdownHook] com.zaxxer.hikari.HikariDataSource       : HikariPool-2 - Shutdown completed.

> Task :test FAILED

17 tests completed, 1 failed

FAILURE: Build failed with an exception.

* What went wrong:
Execution failed for task ':test'.
> There were failing tests. See the report at: file:///D:/berodu/SORIN/project/Newsletter/backend/build/reports/tests/test/index.html

* Try:
> Run with --scan to get full insights.

Deprecated Gradle features were used in this build, making it incompatible with Gradle 9.0.

You can use '--warning-mode all' to show the individual deprecation warnings and determine if they come from your own scripts or plugins.

For more on this, please refer to https://docs.gradle.org/8.5/userguide/command_line_interface.html#sec:command_line_warnings in the Gradle documentation.

BUILD FAILED in 39s
4 actionable tasks: 1 executed, 3 up-to-date
